========================================================================
READ_ASCII_FILE: unknown
READ_ASCII_FILE: File: input.nml
========================================================================
READ_INPUT_NML: unknown
READ_INPUT_NML: input.nml 
 

MPP module unknown
MPP started with NPES=     1
Using no library for message passing...
Realtime clock resolution=  1.0000E-03 sec (      1000 ticks/sec)
Clock rolls over after   2.1475E+06 sec (          2147483647 ticks)

MPP_DOMAINS module unknown
&MPP_IO_NML
 HEADER_BUFFER_VAL=      16384,
 GLOBAL_FIELD_ON_ROOT_PE=T,
 IO_CLOCKS_ON=F,
 SHUFFLE=          0,
 DEFLATE_LEVEL=         -1,
 CF_COMPLIANCE=F,
 /

MPP_IO module unknown

Using netCDF library version 4.4.1 of May  7 2018 18:21:47 $

================================================================================
FMS_IO_MOD
unknown

================================================================================
FMS_MOD
unknown
&FMS_NML
 READ_ALL_PE=T,
 CLOCK_GRAIN="NONE            ",
 CLOCK_FLAGS="NONE            ",
 WARNING_LEVEL="warning ",
 IOSPEC_IEEE32="-N ieee_32                                                      ",
 STACK_SIZE=          0,
 DOMAINS_STACK_SIZE=          0,
 PRINT_MEMORY_USAGE=F,
 /
 nml_error_codes=

================================================================================
CONSTANTS_MOD
unknown

================================================================================
HORIZ_INTERP_MOD
unknown
&HORIZ_INTERP_NML
 REPRODUCE_SIENA=F,
 /

================================================================================
HORIZ_INTERP_CONSERVE_MOD
unknown

================================================================================
HORIZ_INTERP_BILINEAR_MOD
unknown

================================================================================
HORIZ_INTERP_BICUBIC_MOD
unknown

================================================================================
horiz_interp_spherical_mod
unknown
